<?xml version="1.0" encoding="UTF-8"?>
<testng-results ignored="0" total="1" passed="1" failed="0" skipped="0">
  <reporter-output>
  </reporter-output>
  <suite started-at="2022-11-17T19:25:53 IST" name="Suite" finished-at="2022-11-17T19:26:42 IST" duration-ms="49177">
    <groups>
    </groups>
    <test started-at="2022-11-17T19:25:53 IST" name="Test" finished-at="2022-11-17T19:26:42 IST" duration-ms="49177">
      <class name="testNG_Scripts.Acti_Scpt">
        <test-method is-config="true" signature="connect_To_DB()[pri:0, instance:testNG_Scripts.Acti_Scpt@7fee8714]" started-at="2022-11-17T19:25:52 IST" name="connect_To_DB" finished-at="2022-11-17T19:25:53 IST" duration-ms="1257" status="PASS">
          <reporter-output>
          </reporter-output>
        </test-method> <!-- connect_To_DB -->
        <test-method is-config="true" signature="launchbrowser()[pri:0, instance:testNG_Scripts.Acti_Scpt@7fee8714]" started-at="2022-11-17T19:25:53 IST" name="launchbrowser" finished-at="2022-11-17T19:26:18 IST" duration-ms="25616" status="PASS">
          <reporter-output>
          </reporter-output>
        </test-method> <!-- launchbrowser -->
        <test-method is-config="true" signature="loginTOApp()[pri:0, instance:testNG_Scripts.Acti_Scpt@7fee8714]" started-at="2022-11-17T19:26:19 IST" name="loginTOApp" finished-at="2022-11-17T19:26:33 IST" duration-ms="14372" status="PASS">
          <reporter-output>
          </reporter-output>
        </test-method> <!-- loginTOApp -->
        <test-method signature="Actlgn()[pri:0, instance:testNG_Scripts.Acti_Scpt@7fee8714]" started-at="2022-11-17T19:26:33 IST" name="Actlgn" finished-at="2022-11-17T19:26:42 IST" duration-ms="8934" status="PASS">
          <reporter-output>
          </reporter-output>
        </test-method> <!-- Actlgn -->
        <test-method is-config="true" signature="signout()[pri:0, instance:testNG_Scripts.Acti_Scpt@7fee8714]" started-at="2022-11-17T19:26:42 IST" name="signout" finished-at="2022-11-17T19:26:42 IST" duration-ms="0" status="PASS">
          <reporter-output>
          </reporter-output>
        </test-method> <!-- signout -->
        <test-method is-config="true" signature="closeBrowser()[pri:0, instance:testNG_Scripts.Acti_Scpt@7fee8714]" started-at="2022-11-17T19:26:42 IST" name="closeBrowser" finished-at="2022-11-17T19:26:42 IST" duration-ms="72" status="PASS">
          <reporter-output>
          </reporter-output>
        </test-method> <!-- closeBrowser -->
        <test-method is-config="true" signature="closeDBase()[pri:0, instance:testNG_Scripts.Acti_Scpt@7fee8714]" started-at="2022-11-17T19:26:42 IST" name="closeDBase" finished-at="2022-11-17T19:26:42 IST" duration-ms="16" status="PASS">
          <reporter-output>
          </reporter-output>
        </test-method> <!-- closeDBase -->
      </class> <!-- testNG_Scripts.Acti_Scpt -->
    </test> <!-- Test -->
  </suite> <!-- Suite -->
</testng-results>
